<?xml version="1.0" encoding="UTF-8"?>
<testsuite xmlns:xsi="http://www.w3.org/2001/XMLSchema-instance" xsi:noNamespaceSchemaLocation="https://maven.apache.org/surefire/maven-surefire-plugin/xsd/surefire-test-report-3.0.xsd" version="3.0" name="TestSuite" time="67.117" tests="7" errors="0" skipped="0" failures="2">
  <properties>
[...]
</properties>
  <testcase name="checkSearchByKeysWordsReturnCorrectNumberOfResultsTest" classname="lessons.lesson16.BaseTest" time="2.832"/>
  <testcase name="checkSearchByKeysWordsTitleTest" classname="lessons.lesson16.BaseTest" time="1.606"/>
  <testcase name="checkTileAfterRedirectToLoginPage" classname="lessons.lesson16.BaseTest" time="2.388"/>
  <testcase name="createAnAccauntTest" classname="lessons.lesson16.BaseTest" time="4.442"/>
  <testcase name="goToRegistrationPage" classname="maven.pages.registration.RegistrationTest" time="0.046">
    <failure message="Unable to locate element: .nav&#10;For documentation on this error, please visit: https://www.seleniumhq.org/exceptions/no_such_element.html&#10;Build info: version: &apos;3.141.59&apos;, revision: &apos;e82be7d358&apos;, time: &apos;2018-11-14T08:17:03&apos;&#10;System info: host: &apos;MacBook-Pro&apos;, ip: &apos;fe80:0:0:0:100f:ba58:b1ca:3595%en0&apos;, os.name: &apos;Mac OS X&apos;, os.arch: &apos;x86_64&apos;, os.version: &apos;10.15.5&apos;, java.version: &apos;14.0.1&apos;&#10;Driver info: org.openqa.selenium.firefox.FirefoxDriver&#10;Capabilities {acceptInsecureCerts: true, browserName: firefox, browserVersion: 77.0.1, javascriptEnabled: true, moz:accessibilityChecks: false, moz:buildID: 20200602222727, moz:geckodriverVersion: 0.26.0, moz:headless: false, moz:processID: 5976, moz:profile: /var/folders/xm/4c9lm27j5zn..., moz:shutdownTimeout: 60000, moz:useNonSpecCompliantPointerOrigin: false, moz:webdriverClick: true, pageLoadStrategy: normal, platform: MAC, platformName: MAC, platformVersion: 19.5.0, rotatable: false, setWindowRect: true, strictFileInteractability: false, timeouts: {implicit: 0, pageLoad: 300000, script: 30000}, unhandledPromptBehavior: dismiss and notify}&#10;Session ID: 2aed644f-e2f6-3147-baa5-6acf60471862&#10;*** Element info: {Using=class name, value=nav}" type="org.openqa.selenium.NoSuchElementException"><![CDATA[org.openqa.selenium.NoSuchElementException: 
Unable to locate element: .nav
For documentation on this error, please visit: https://www.seleniumhq.org/exceptions/no_such_element.html
Build info: version: '3.141.59', revision: 'e82be7d358', time: '2018-11-14T08:17:03'
System info: host: 'MacBook-Pro', ip: 'fe80:0:0:0:100f:ba58:b1ca:3595%en0', os.name: 'Mac OS X', os.arch: 'x86_64', os.version: '10.15.5', java.version: '14.0.1'
Driver info: org.openqa.selenium.firefox.FirefoxDriver
Capabilities {acceptInsecureCerts: true, browserName: firefox, browserVersion: 77.0.1, javascriptEnabled: true, moz:accessibilityChecks: false, moz:buildID: 20200602222727, moz:geckodriverVersion: 0.26.0, moz:headless: false, moz:processID: 5976, moz:profile: /var/folders/xm/4c9lm27j5zn..., moz:shutdownTimeout: 60000, moz:useNonSpecCompliantPointerOrigin: false, moz:webdriverClick: true, pageLoadStrategy: normal, platform: MAC, platformName: MAC, platformVersion: 19.5.0, rotatable: false, setWindowRect: true, strictFileInteractability: false, timeouts: {implicit: 0, pageLoad: 300000, script: 30000}, unhandledPromptBehavior: dismiss and notify}
Session ID: 2aed644f-e2f6-3147-baa5-6acf60471862
*** Element info: {Using=class name, value=nav}
	at maven.pages.registration.RegistrationTest.goToRegistrationPage(RegistrationTest.java:19)
]]></failure>
    <system-err><![CDATA[1592749080029	Marionette	INFO	Stopped listening on port 51444
]]></system-err>
  </testcase>
  <testcase name="checkSearchByKeysWordsReturnCorrectNumberOfResultsTest" classname="maven.pages.searchByKeysWords.SearchByKeysWordTest" time="5.03">
    <failure message="Unable to locate element: Automation Practice&#10;For documentation on this error, please visit: https://www.seleniumhq.org/exceptions/no_such_element.html&#10;Build info: version: &apos;3.141.59&apos;, revision: &apos;e82be7d358&apos;, time: &apos;2018-11-14T08:17:03&apos;&#10;System info: host: &apos;MacBook-Pro&apos;, ip: &apos;fe80:0:0:0:100f:ba58:b1ca:3595%en0&apos;, os.name: &apos;Mac OS X&apos;, os.arch: &apos;x86_64&apos;, os.version: &apos;10.15.5&apos;, java.version: &apos;14.0.1&apos;&#10;Driver info: org.openqa.selenium.firefox.FirefoxDriver&#10;Capabilities {acceptInsecureCerts: true, browserName: firefox, browserVersion: 77.0.1, javascriptEnabled: true, moz:accessibilityChecks: false, moz:buildID: 20200602222727, moz:geckodriverVersion: 0.26.0, moz:headless: false, moz:processID: 5976, moz:profile: /var/folders/xm/4c9lm27j5zn..., moz:shutdownTimeout: 60000, moz:useNonSpecCompliantPointerOrigin: false, moz:webdriverClick: true, pageLoadStrategy: normal, platform: MAC, platformName: MAC, platformVersion: 19.5.0, rotatable: false, setWindowRect: true, strictFileInteractability: false, timeouts: {implicit: 0, pageLoad: 300000, script: 30000}, unhandledPromptBehavior: dismiss and notify}&#10;Session ID: 2aed644f-e2f6-3147-baa5-6acf60471862&#10;*** Element info: {Using=partial link text, value=Automation Practice}" type="org.openqa.selenium.NoSuchElementException"><![CDATA[org.openqa.selenium.NoSuchElementException: 
Unable to locate element: Automation Practice
For documentation on this error, please visit: https://www.seleniumhq.org/exceptions/no_such_element.html
Build info: version: '3.141.59', revision: 'e82be7d358', time: '2018-11-14T08:17:03'
System info: host: 'MacBook-Pro', ip: 'fe80:0:0:0:100f:ba58:b1ca:3595%en0', os.name: 'Mac OS X', os.arch: 'x86_64', os.version: '10.15.5', java.version: '14.0.1'
Driver info: org.openqa.selenium.firefox.FirefoxDriver
Capabilities {acceptInsecureCerts: true, browserName: firefox, browserVersion: 77.0.1, javascriptEnabled: true, moz:accessibilityChecks: false, moz:buildID: 20200602222727, moz:geckodriverVersion: 0.26.0, moz:headless: false, moz:processID: 5976, moz:profile: /var/folders/xm/4c9lm27j5zn..., moz:shutdownTimeout: 60000, moz:useNonSpecCompliantPointerOrigin: false, moz:webdriverClick: true, pageLoadStrategy: normal, platform: MAC, platformName: MAC, platformVersion: 19.5.0, rotatable: false, setWindowRect: true, strictFileInteractability: false, timeouts: {implicit: 0, pageLoad: 300000, script: 30000}, unhandledPromptBehavior: dismiss and notify}
Session ID: 2aed644f-e2f6-3147-baa5-6acf60471862
*** Element info: {Using=partial link text, value=Automation Practice}
	at maven.pages.searchByKeysWords.SearchByKeysWordTest.checkSearchByKeysWordsReturnCorrectNumberOfResultsTest(SearchByKeysWordTest.java:35)
]]></failure>
  </testcase>
  <testcase name="meSecondTest" classname="maven.pages.searchTests.GoogleSearchTest" time="6.126"/>
</testsuite>